2019-10-05 12:55:12 [scrapy.utils.log] INFO: Scrapy 1.7.3 started (bot: top_news_bot)
2019-10-05 12:55:12 [scrapy.utils.log] INFO: Versions: lxml 4.4.1.0, libxml2 2.9.5, cssselect 1.1.0, parsel 1.5.2, w3lib 1.21.0, Twisted 19.7.0, Python 3.7.0 (default, Jun 28 2018, 08:04:48) [MSC v.1912 64 bit (AMD64)], pyOpenSSL 19.0.0 (OpenSSL 1.1.1c  28 May 2019), cryptography 2.7, Platform Windows-10-10.0.18362-SP0
2019-10-05 12:55:12 [scrapy.crawler] INFO: Overridden settings: {'BOT_NAME': 'top_news_bot', 'LOG_FILE': 'logs\\top_news_bot\\top_news_spider\\4fba2406e72c11e9b4e1704d7bc33ecb.log', 'NEWSPIDER_MODULE': 'top_news_bot.spiders', 'ROBOTSTXT_OBEY': True, 'SPIDER_MODULES': ['top_news_bot.spiders']}
2019-10-05 12:55:12 [scrapy.extensions.telnet] INFO: Telnet Password: 39e015de2beb135f
2019-10-05 12:55:12 [scrapy.middleware] INFO: Enabled extensions:
['scrapy.extensions.corestats.CoreStats',
 'scrapy.extensions.telnet.TelnetConsole',
 'scrapy.extensions.logstats.LogStats']
2019-10-05 12:55:13 [scrapy.middleware] INFO: Enabled downloader middlewares:
['scrapy.downloadermiddlewares.robotstxt.RobotsTxtMiddleware',
 'scrapy.downloadermiddlewares.httpauth.HttpAuthMiddleware',
 'scrapy.downloadermiddlewares.downloadtimeout.DownloadTimeoutMiddleware',
 'scrapy.downloadermiddlewares.defaultheaders.DefaultHeadersMiddleware',
 'scrapy.downloadermiddlewares.useragent.UserAgentMiddleware',
 'scrapy.downloadermiddlewares.retry.RetryMiddleware',
 'scrapy.downloadermiddlewares.redirect.MetaRefreshMiddleware',
 'scrapy.downloadermiddlewares.httpcompression.HttpCompressionMiddleware',
 'scrapy.downloadermiddlewares.redirect.RedirectMiddleware',
 'scrapy.downloadermiddlewares.cookies.CookiesMiddleware',
 'scrapy.downloadermiddlewares.httpproxy.HttpProxyMiddleware',
 'scrapy.downloadermiddlewares.stats.DownloaderStats']
2019-10-05 12:55:13 [scrapy.middleware] INFO: Enabled spider middlewares:
['scrapy.spidermiddlewares.httperror.HttpErrorMiddleware',
 'scrapy.spidermiddlewares.offsite.OffsiteMiddleware',
 'scrapy.spidermiddlewares.referer.RefererMiddleware',
 'scrapy.spidermiddlewares.urllength.UrlLengthMiddleware',
 'scrapy.spidermiddlewares.depth.DepthMiddleware']
2019-10-05 12:55:13 [twisted] CRITICAL: Unhandled error in Deferred:
2019-10-05 12:55:13 [twisted] CRITICAL: 
Traceback (most recent call last):
  File "d:\djangoenv\lib\site-packages\twisted\internet\defer.py", line 1418, in _inlineCallbacks
    result = g.send(result)
  File "d:\djangoenv\lib\site-packages\scrapy\crawler.py", line 86, in crawl
    self.engine = self._create_engine()
  File "d:\djangoenv\lib\site-packages\scrapy\crawler.py", line 111, in _create_engine
    return ExecutionEngine(self, lambda _: self.stop())
  File "d:\djangoenv\lib\site-packages\scrapy\core\engine.py", line 70, in __init__
    self.scraper = Scraper(crawler)
  File "d:\djangoenv\lib\site-packages\scrapy\core\scraper.py", line 71, in __init__
    self.itemproc = itemproc_cls.from_crawler(crawler)
  File "d:\djangoenv\lib\site-packages\scrapy\middleware.py", line 53, in from_crawler
    return cls.from_settings(crawler.settings, crawler)
  File "d:\djangoenv\lib\site-packages\scrapy\middleware.py", line 34, in from_settings
    mwcls = load_object(clspath)
  File "d:\djangoenv\lib\site-packages\scrapy\utils\misc.py", line 46, in load_object
    mod = import_module(module)
  File "d:\djangoenv\lib\importlib\__init__.py", line 127, in import_module
    return _bootstrap._gcd_import(name[level:], package, level)
  File "<frozen importlib._bootstrap>", line 1006, in _gcd_import
  File "<frozen importlib._bootstrap>", line 983, in _find_and_load
  File "<frozen importlib._bootstrap>", line 963, in _find_and_load_unlocked
  File "<frozen importlib._bootstrap>", line 906, in _find_spec
  File "<frozen importlib._bootstrap_external>", line 1280, in find_spec
  File "<frozen importlib._bootstrap_external>", line 1254, in _get_spec
  File "<frozen importlib._bootstrap_external>", line 1235, in _legacy_get_spec
  File "<frozen importlib._bootstrap>", line 441, in spec_from_loader
  File "<frozen importlib._bootstrap_external>", line 594, in spec_from_file_location
  File "c:\users\eason\appdata\local\temp\top_news_bot-1570251303-3kf5_ux2.egg\top_news_bot\pipelines.py", line 13
    item.save()
       ^
IndentationError: expected an indented block
