2019-10-06 21:44:32 [scrapy.utils.log] INFO: Scrapy 1.7.3 started (bot: top_news_bot)
2019-10-06 21:44:32 [scrapy.utils.log] INFO: Versions: lxml 4.4.1.0, libxml2 2.9.5, cssselect 1.1.0, parsel 1.5.2, w3lib 1.21.0, Twisted 19.7.0, Python 3.7.0 (default, Jun 28 2018, 08:04:48) [MSC v.1912 64 bit (AMD64)], pyOpenSSL 19.0.0 (OpenSSL 1.1.1c  28 May 2019), cryptography 2.7, Platform Windows-10-10.0.18362-SP0
2019-10-06 21:44:32 [scrapy.crawler] INFO: Overridden settings: {'BOT_NAME': 'top_news_bot', 'DOWNLOAD_DELAY': 3, 'LOG_FILE': 'logs\\top_news_bot\\top_news_spider\\6aed8412e83f11e98324704d7bc33ecb.log', 'NEWSPIDER_MODULE': 'top_news_bot.spiders', 'ROBOTSTXT_OBEY': True, 'SPIDER_MODULES': ['top_news_bot.spiders']}
2019-10-06 21:44:32 [scrapy.extensions.telnet] INFO: Telnet Password: 24511f53c0e0adec
2019-10-06 21:44:32 [scrapy.middleware] INFO: Enabled extensions:
['scrapy.extensions.corestats.CoreStats',
 'scrapy.extensions.telnet.TelnetConsole',
 'scrapy.extensions.logstats.LogStats']
2019-10-06 21:44:32 [scrapy.middleware] INFO: Enabled downloader middlewares:
['scrapy.downloadermiddlewares.robotstxt.RobotsTxtMiddleware',
 'scrapy.downloadermiddlewares.httpauth.HttpAuthMiddleware',
 'scrapy.downloadermiddlewares.downloadtimeout.DownloadTimeoutMiddleware',
 'scrapy.downloadermiddlewares.defaultheaders.DefaultHeadersMiddleware',
 'scrapy.downloadermiddlewares.useragent.UserAgentMiddleware',
 'scrapy.downloadermiddlewares.retry.RetryMiddleware',
 'scrapy.downloadermiddlewares.redirect.MetaRefreshMiddleware',
 'scrapy.downloadermiddlewares.httpcompression.HttpCompressionMiddleware',
 'scrapy.downloadermiddlewares.redirect.RedirectMiddleware',
 'scrapy.downloadermiddlewares.cookies.CookiesMiddleware',
 'scrapy.downloadermiddlewares.httpproxy.HttpProxyMiddleware',
 'scrapy.downloadermiddlewares.stats.DownloaderStats']
2019-10-06 21:44:32 [scrapy.middleware] INFO: Enabled spider middlewares:
['scrapy.spidermiddlewares.httperror.HttpErrorMiddleware',
 'scrapy.spidermiddlewares.offsite.OffsiteMiddleware',
 'scrapy.spidermiddlewares.referer.RefererMiddleware',
 'scrapy.spidermiddlewares.urllength.UrlLengthMiddleware',
 'scrapy.spidermiddlewares.depth.DepthMiddleware']
2019-10-06 21:44:32 [scrapy.middleware] INFO: Enabled item pipelines:
['top_news_bot.pipelines.TopNewsBotPipeline']
2019-10-06 21:44:32 [scrapy.core.engine] INFO: Spider opened
2019-10-06 21:44:32 [scrapy.extensions.logstats] INFO: Crawled 0 pages (at 0 pages/min), scraped 0 items (at 0 items/min)
2019-10-06 21:44:32 [scrapy.extensions.telnet] INFO: Telnet console listening on 127.0.0.1:6023
2019-10-06 21:44:32 [scrapy.core.engine] DEBUG: Crawled (200) <GET https://nba.udn.com/robots.txt> (referer: None)
2019-10-06 21:44:35 [scrapy.core.engine] DEBUG: Crawled (200) <GET https://nba.udn.com/nba/index> (referer: None)
2019-10-06 21:44:37 [scrapy.core.engine] DEBUG: Crawled (200) <GET https://nba.udn.com/nba/story/6780/4089109> (referer: https://nba.udn.com/nba/index)
2019-10-06 21:44:41 [scrapy.core.engine] DEBUG: Crawled (200) <GET https://nba.udn.com/nba/story/6780/4089241> (referer: https://nba.udn.com/nba/index)
2019-10-06 21:44:45 [scrapy.core.engine] DEBUG: Crawled (200) <GET https://nba.udn.com/nba/story/6779/4089377> (referer: https://nba.udn.com/nba/index)
2019-10-06 21:44:45 [scrapy.core.engine] INFO: Closing spider (finished)
2019-10-06 21:44:45 [scrapy.statscollectors] INFO: Dumping Scrapy stats:
{'downloader/request_bytes': 1255,
 'downloader/request_count': 5,
 'downloader/request_method_count/GET': 5,
 'downloader/response_bytes': 88442,
 'downloader/response_count': 5,
 'downloader/response_status_count/200': 5,
 'elapsed_time_seconds': 13.328151,
 'finish_reason': 'finished',
 'finish_time': datetime.datetime(2019, 10, 6, 13, 44, 45, 680811),
 'item_scraped_count': 3,
 'log_count/DEBUG': 8,
 'log_count/INFO': 10,
 'request_depth_max': 1,
 'response_received_count': 5,
 'robotstxt/request_count': 1,
 'robotstxt/response_count': 1,
 'robotstxt/response_status_count/200': 1,
 'scheduler/dequeued': 4,
 'scheduler/dequeued/memory': 4,
 'scheduler/enqueued': 4,
 'scheduler/enqueued/memory': 4,
 'start_time': datetime.datetime(2019, 10, 6, 13, 44, 32, 352660)}
2019-10-06 21:44:45 [scrapy.core.engine] INFO: Spider closed (finished)
