2019-10-04 19:24:40 [scrapy.utils.log] INFO: Scrapy 1.7.3 started (bot: top_news_bot)
2019-10-04 19:24:40 [scrapy.utils.log] INFO: Versions: lxml 4.4.1.0, libxml2 2.9.5, cssselect 1.1.0, parsel 1.5.2, w3lib 1.21.0, Twisted 19.7.0, Python 3.7.0 (default, Jun 28 2018, 08:04:48) [MSC v.1912 64 bit (AMD64)], pyOpenSSL 19.0.0 (OpenSSL 1.1.1c  28 May 2019), cryptography 2.7, Platform Windows-10-10.0.18362-SP0
2019-10-04 19:24:40 [scrapy.crawler] INFO: Overridden settings: {'BOT_NAME': 'top_news_bot', 'LOG_FILE': 'logs\\top_news_bot\\top_news_spider\\8be9896ce69911e9833d704d7bc33ecb.log', 'NEWSPIDER_MODULE': 'top_news_bot.spiders', 'ROBOTSTXT_OBEY': True, 'SPIDER_MODULES': ['top_news_bot.spiders']}
2019-10-04 19:24:40 [scrapy.extensions.telnet] INFO: Telnet Password: 3f9b6a6dda3bbbf3
2019-10-04 19:24:40 [scrapy.middleware] INFO: Enabled extensions:
['scrapy.extensions.corestats.CoreStats',
 'scrapy.extensions.telnet.TelnetConsole',
 'scrapy.extensions.logstats.LogStats']
2019-10-04 19:24:40 [scrapy.middleware] INFO: Enabled downloader middlewares:
['scrapy.downloadermiddlewares.robotstxt.RobotsTxtMiddleware',
 'scrapy.downloadermiddlewares.httpauth.HttpAuthMiddleware',
 'scrapy.downloadermiddlewares.downloadtimeout.DownloadTimeoutMiddleware',
 'scrapy.downloadermiddlewares.defaultheaders.DefaultHeadersMiddleware',
 'scrapy.downloadermiddlewares.useragent.UserAgentMiddleware',
 'scrapy.downloadermiddlewares.retry.RetryMiddleware',
 'scrapy.downloadermiddlewares.redirect.MetaRefreshMiddleware',
 'scrapy.downloadermiddlewares.httpcompression.HttpCompressionMiddleware',
 'scrapy.downloadermiddlewares.redirect.RedirectMiddleware',
 'scrapy.downloadermiddlewares.cookies.CookiesMiddleware',
 'scrapy.downloadermiddlewares.httpproxy.HttpProxyMiddleware',
 'scrapy.downloadermiddlewares.stats.DownloaderStats']
2019-10-04 19:24:40 [scrapy.middleware] INFO: Enabled spider middlewares:
['scrapy.spidermiddlewares.httperror.HttpErrorMiddleware',
 'scrapy.spidermiddlewares.offsite.OffsiteMiddleware',
 'scrapy.spidermiddlewares.referer.RefererMiddleware',
 'scrapy.spidermiddlewares.urllength.UrlLengthMiddleware',
 'scrapy.spidermiddlewares.depth.DepthMiddleware']
2019-10-04 19:24:40 [scrapy.middleware] INFO: Enabled item pipelines:
[]
2019-10-04 19:24:40 [scrapy.core.engine] INFO: Spider opened
2019-10-04 19:24:40 [scrapy.extensions.logstats] INFO: Crawled 0 pages (at 0 pages/min), scraped 0 items (at 0 items/min)
2019-10-04 19:24:40 [scrapy.extensions.telnet] INFO: Telnet console listening on 127.0.0.1:6023
2019-10-04 19:24:40 [scrapy.core.engine] DEBUG: Crawled (200) <GET https://nba.udn.com/robots.txt> (referer: None)
2019-10-04 19:24:40 [scrapy.core.engine] DEBUG: Crawled (200) <GET https://nba.udn.com/nba/index> (referer: None)
2019-10-04 19:24:40 [scrapy.core.scraper] ERROR: Spider error processing <GET https://nba.udn.com/nba/index> (referer: None)
Traceback (most recent call last):
  File "d:\djangoenv\lib\site-packages\scrapy\utils\defer.py", line 102, in iter_errback
    yield next(it)
  File "d:\djangoenv\lib\site-packages\scrapy\core\spidermw.py", line 84, in evaluate_iterable
    for r in iterable:
  File "d:\djangoenv\lib\site-packages\scrapy\spidermiddlewares\offsite.py", line 29, in process_spider_output
    for x in result:
  File "d:\djangoenv\lib\site-packages\scrapy\core\spidermw.py", line 84, in evaluate_iterable
    for r in iterable:
  File "d:\djangoenv\lib\site-packages\scrapy\spidermiddlewares\referer.py", line 339, in <genexpr>
    return (_set_referer(r) for r in result or ())
  File "d:\djangoenv\lib\site-packages\scrapy\core\spidermw.py", line 84, in evaluate_iterable
    for r in iterable:
  File "d:\djangoenv\lib\site-packages\scrapy\spidermiddlewares\urllength.py", line 37, in <genexpr>
    return (r for r in result or () if _filter(r))
  File "d:\djangoenv\lib\site-packages\scrapy\core\spidermw.py", line 84, in evaluate_iterable
    for r in iterable:
  File "d:\djangoenv\lib\site-packages\scrapy\spidermiddlewares\depth.py", line 58, in <genexpr>
    return (r for r in result or () if _filter(r))
  File "c:\users\eason\appdata\local\temp\top_news_bot-1570188264-9sp6i6l7.egg\top_news_bot\spiders\top_news_spider.py", line 15, in parse
    yield scrapy.Request(domain_name+news.css('a::attr(href)')[0].extract(), callback=self.parse_content)
AttributeError: 'topNewsSpider' object has no attribute 'parse_content'
2019-10-04 19:24:40 [scrapy.core.engine] INFO: Closing spider (finished)
2019-10-04 19:24:40 [scrapy.statscollectors] INFO: Dumping Scrapy stats:
{'downloader/request_bytes': 439,
 'downloader/request_count': 2,
 'downloader/request_method_count/GET': 2,
 'downloader/response_bytes': 20276,
 'downloader/response_count': 2,
 'downloader/response_status_count/200': 2,
 'elapsed_time_seconds': 0.305788,
 'finish_reason': 'finished',
 'finish_time': datetime.datetime(2019, 10, 4, 11, 24, 40, 785857),
 'log_count/DEBUG': 2,
 'log_count/ERROR': 1,
 'log_count/INFO': 10,
 'response_received_count': 2,
 'robotstxt/request_count': 1,
 'robotstxt/response_count': 1,
 'robotstxt/response_status_count/200': 1,
 'scheduler/dequeued': 1,
 'scheduler/dequeued/memory': 1,
 'scheduler/enqueued': 1,
 'scheduler/enqueued/memory': 1,
 'spider_exceptions/AttributeError': 1,
 'start_time': datetime.datetime(2019, 10, 4, 11, 24, 40, 480069)}
2019-10-04 19:24:40 [scrapy.core.engine] INFO: Spider closed (finished)
